e:\coding projects\source\repos\project2\project2\x64\release\vc141.pdb
e:\coding projects\source\repos\project2\project2\x64\release\floatingwindow.obj
e:\coding projects\source\repos\project2\project2\x64\release\texture.obj
e:\coding projects\source\repos\project2\project2\x64\release\shader.obj
e:\coding projects\source\repos\project2\project2\x64\release\renderingprogram.obj
e:\coding projects\source\repos\project2\project2\x64\release\graphicsmodule.obj
e:\coding projects\source\repos\project2\project2\x64\release\raineffects.obj
e:\coding projects\source\repos\project2\project2\x64\release\pluginrunner.obj
e:\coding projects\source\repos\project2\project2\x64\release\graphicswrapper.obj
e:\coding projects\source\repos\project2\project2\x64\release\globalstore.obj
e:\coding projects\source\repos\project2\project2\x64\release\drefstore.obj
e:\coding projects\source\repos\project2\project2\x64\release\dref.obj
e:\coding projects\source\repos\project2\project2\x64\release\drefstring.obj
e:\coding projects\source\repos\project2\project2\x64\release\drefintarray.obj
e:\coding projects\source\repos\project2\project2\x64\release\drefint.obj
e:\coding projects\source\repos\project2\project2\x64\release\drefdoublearray.obj
e:\coding projects\source\repos\project2\project2\x64\release\drefdouble.obj
e:\coding projects\source\repos\project2\project2\x64\release\connection.obj
e:\coding projects\source\repos\project2\project2\x64\release\callbackinterface.obj
e:\coding projects\source\repos\project2\project2\x64\release\busmanager.obj
e:\coding projects\source\repos\project2\project2\x64\release\bus.obj
e:\coding projects\source\repos\project2\project2\x64\release\logger.obj
e:\coding projects\source\repos\project2\project2\x64\release\startupchecker.obj
e:\coding projects\source\repos\project2\project2\x64\release\source.obj
e:\coding projects\source\repos\project2\project2\x64\release\relay.obj
e:\coding projects\source\repos\project2\project2\x64\release\powersource.obj
e:\coding projects\source\repos\project2\project2\x64\release\displayobject.obj
e:\coding projects\source\repos\project2\project2\x64\release\modulehandler.obj
e:\coding projects\source\repos\project2\project2\x64\release\module.obj
e:\coding projects\source\repos\project2\project2\x64\release\loaddc.obj
e:\coding projects\source\repos\project2\project2\x64\release\loadac.obj
e:\coding projects\source\repos\project2\project2\x64\release\load.obj
e:\coding projects\source\repos\project2\project2\x64\release\jniwrapper.obj
e:\coding projects\source\repos\project2\project2\x64\release\javaxpwindow.obj
e:\coding projects\source\repos\project2\project2\x64\release\imgui_widgets.obj
e:\coding projects\source\repos\project2\project2\x64\release\imgui_draw.obj
e:\coding projects\source\repos\project2\project2\x64\release\imgui_demo.obj
e:\coding projects\source\repos\project2\project2\x64\release\imguiintegration.obj
e:\coding projects\source\repos\project2\project2\x64\release\imgui.obj
e:\magknight github\787\plugins\fmc\64\win.xpl
e:\magknight github\787\plugins\fmc\64\win.pdb
e:\magknight github\787\plugins\fmc\64\win.lib
e:\magknight github\787\plugins\fmc\64\win.exp
e:\magknight github\787\plugins\fmc\64\win.ipdb
e:\magknight github\787\plugins\fmc\64\win.iobj
e:\coding projects\source\repos\project2\project2\x64\release\project2.tlog\cl.command.1.tlog
e:\coding projects\source\repos\project2\project2\x64\release\project2.tlog\cl.read.1.tlog
e:\coding projects\source\repos\project2\project2\x64\release\project2.tlog\cl.write.1.tlog
e:\coding projects\source\repos\project2\project2\x64\release\project2.tlog\link.command.1.tlog
e:\coding projects\source\repos\project2\project2\x64\release\project2.tlog\link.read.1.tlog
e:\coding projects\source\repos\project2\project2\x64\release\project2.tlog\link.write.1.tlog
e:\coding projects\source\repos\project2\project2\x64\release\project2.tlog\project2.write.1u.tlog
